<?xml version="1.0" encoding="UTF-8"?>
<testng-results ignored="0" total="1" passed="1" failed="0" skipped="0">
  <reporter-output>
  </reporter-output>
  <suite started-at="2024-01-25T17:12:09 GMT-06:00" name="Default suite" finished-at="2024-01-25T17:12:12 GMT-06:00" duration-ms="3142">
    <groups>
    </groups>
    <test started-at="2024-01-25T17:12:09 GMT-06:00" name="Default test" finished-at="2024-01-25T17:12:12 GMT-06:00" duration-ms="3142">
      <class name="com.pojo.JsonArrayPojoObject">
        <test-method signature="createEmployeeJsonArrayObjet()[pri:0, instance:com.pojo.JsonArrayPojoObject@5c86a017]" started-at="2024-01-25T17:12:09 GMT-06:00" name="createEmployeeJsonArrayObjet" finished-at="2024-01-25T17:12:12 GMT-06:00" duration-ms="3080" status="PASS">
          <reporter-output>
          </reporter-output>
        </test-method> <!-- createEmployeeJsonArrayObjet -->
      </class> <!-- com.pojo.JsonArrayPojoObject -->
    </test> <!-- Default test -->
  </suite> <!-- Default suite -->
</testng-results>
